[0.297s] Invoking command in '/home/pedroromero/mapping_eracing/build/dv_stack': PYTHONPATH=/home/pedroromero/mapping_eracing/build/dv_stack/prefix_override:/usr/lib/python3/dist-packages/colcon_core/task/python/colcon_distutils_commands:/home/pedroromero/mapping_eracing/install/dv_stack/lib/python3.10/site-packages:${PYTHONPATH} /usr/bin/python3 -W ignore:setup.py install is deprecated -W ignore:easy_install command is deprecated setup.py develop --editable --build-directory /home/pedroromero/mapping_eracing/build/dv_stack/build --no-deps symlink_data
[0.425s] running develop
[0.489s] running egg_info
[0.489s] creating dv_stack.egg-info
[0.489s] writing dv_stack.egg-info/PKG-INFO
[0.490s] writing dependency_links to dv_stack.egg-info/dependency_links.txt
[0.490s] writing entry points to dv_stack.egg-info/entry_points.txt
[0.490s] writing requirements to dv_stack.egg-info/requires.txt
[0.490s] writing top-level names to dv_stack.egg-info/top_level.txt
[0.490s] writing manifest file 'dv_stack.egg-info/SOURCES.txt'
[0.491s] reading manifest file 'dv_stack.egg-info/SOURCES.txt'
[0.491s] writing manifest file 'dv_stack.egg-info/SOURCES.txt'
[0.492s] running build_ext
[0.492s] Creating /home/pedroromero/mapping_eracing/install/dv_stack/lib/python3.10/site-packages/dv-stack.egg-link (link to .)
[0.493s] Installing dv_fake_sources script to /home/pedroromero/mapping_eracing/install/dv_stack/lib/dv_stack
[0.493s] Installing dv_planner_node script to /home/pedroromero/mapping_eracing/install/dv_stack/lib/dv_stack
[0.493s] 
[0.493s] Installed /home/pedroromero/mapping_eracing/build/dv_stack
[0.493s] running symlink_data
[0.493s] creating /home/pedroromero/mapping_eracing/install/dv_stack/share/ament_index
[0.493s] creating /home/pedroromero/mapping_eracing/install/dv_stack/share/ament_index/resource_index
[0.493s] creating /home/pedroromero/mapping_eracing/install/dv_stack/share/ament_index/resource_index/packages
[0.493s] symbolically linking /home/pedroromero/mapping_eracing/build/dv_stack/resource/dv_stack -> /home/pedroromero/mapping_eracing/install/dv_stack/share/ament_index/resource_index/packages
[0.493s] symbolically linking /home/pedroromero/mapping_eracing/build/dv_stack/package.xml -> /home/pedroromero/mapping_eracing/install/dv_stack/share/dv_stack
[0.509s] Invoked command in '/home/pedroromero/mapping_eracing/build/dv_stack' returned '0': PYTHONPATH=/home/pedroromero/mapping_eracing/build/dv_stack/prefix_override:/usr/lib/python3/dist-packages/colcon_core/task/python/colcon_distutils_commands:/home/pedroromero/mapping_eracing/install/dv_stack/lib/python3.10/site-packages:${PYTHONPATH} /usr/bin/python3 -W ignore:setup.py install is deprecated -W ignore:easy_install command is deprecated setup.py develop --editable --build-directory /home/pedroromero/mapping_eracing/build/dv_stack/build --no-deps symlink_data
